<?xml version="1.0" encoding="UTF-8" standalone="no"?>
<!DOCTYPE log SYSTEM "logger.dtd">
<log>
<record>
  <date>2018-04-24T01:06:31</date>
  <millis>1524531991863</millis>
  <sequence>1</sequence>
  <logger>global</logger>
  <level>SEVERE</level>
  <class>stringsearch.Naive</class>
  <method>callAlgorithm</method>
  <thread>13</thread>
  <message>Arquivo  não encontrado</message>
  <exception>
    <message>java.io.FileNotFoundException: /home/smlle/NetBeansProjects/stringsearch/src/stringsearch/textos/.txt (No such file or directory)</message>
    <frame>
      <class>java.io.FileInputStream</class>
      <method>open0</method>
    </frame>
    <frame>
      <class>java.io.FileInputStream</class>
      <method>open</method>
      <line>195</line>
    </frame>
    <frame>
      <class>java.io.FileInputStream</class>
      <method>&lt;init&gt;</method>
      <line>138</line>
    </frame>
    <frame>
      <class>java.util.Scanner</class>
      <method>&lt;init&gt;</method>
      <line>611</line>
    </frame>
    <frame>
      <class>stringsearch.readFile</class>
      <method>&lt;init&gt;</method>
      <line>23</line>
    </frame>
    <frame>
      <class>stringsearch.Naive</class>
      <method>callAlgorithm</method>
      <line>20</line>
    </frame>
    <frame>
      <class>stringsearch.janelaPrincipal</class>
      <method>NaiveActionPerformed</method>
      <line>173</line>
    </frame>
    <frame>
      <class>stringsearch.janelaPrincipal</class>
      <method>access$100</method>
      <line>17</line>
    </frame>
    <frame>
      <class>stringsearch.janelaPrincipal$2</class>
      <method>actionPerformed</method>
      <line>78</line>
    </frame>
    <frame>
      <class>javax.swing.AbstractButton</class>
      <method>fireActionPerformed</method>
      <line>2022</line>
    </frame>
    <frame>
      <class>javax.swing.AbstractButton$Handler</class>
      <method>actionPerformed</method>
      <line>2348</line>
    </frame>
    <frame>
      <class>javax.swing.DefaultButtonModel</class>
      <method>fireActionPerformed</method>
      <line>402</line>
    </frame>
    <frame>
      <class>javax.swing.DefaultButtonModel</class>
      <method>setPressed</method>
      <line>259</line>
    </frame>
    <frame>
      <class>javax.swing.plaf.basic.BasicButtonListener</class>
      <method>mouseReleased</method>
      <line>252</line>
    </frame>
    <frame>
      <class>java.awt.Component</class>
      <method>processMouseEvent</method>
      <line>6533</line>
    </frame>
    <frame>
      <class>javax.swing.JComponent</class>
      <method>processMouseEvent</method>
      <line>3324</line>
    </frame>
    <frame>
      <class>java.awt.Component</class>
      <method>processEvent</method>
      <line>6298</line>
    </frame>
    <frame>
      <class>java.awt.Container</class>
      <method>processEvent</method>
      <line>2237</line>
    </frame>
    <frame>
      <class>java.awt.Component</class>
      <method>dispatchEventImpl</method>
      <line>4889</line>
    </frame>
    <frame>
      <class>java.awt.Container</class>
      <method>dispatchEventImpl</method>
      <line>2295</line>
    </frame>
    <frame>
      <class>java.awt.Component</class>
      <method>dispatchEvent</method>
      <line>4711</line>
    </frame>
    <frame>
      <class>java.awt.LightweightDispatcher</class>
      <method>retargetMouseEvent</method>
      <line>4889</line>
    </frame>
    <frame>
      <class>java.awt.LightweightDispatcher</class>
      <method>processMouseEvent</method>
      <line>4526</line>
    </frame>
    <frame>
      <class>java.awt.LightweightDispatcher</class>
      <method>dispatchEvent</method>
      <line>4467</line>
    </frame>
    <frame>
      <class>java.awt.Container</class>
      <method>dispatchEventImpl</method>
      <line>2281</line>
    </frame>
    <frame>
      <class>java.awt.Window</class>
      <method>dispatchEventImpl</method>
      <line>2746</line>
    </frame>
    <frame>
      <class>java.awt.Component</class>
      <method>dispatchEvent</method>
      <line>4711</line>
    </frame>
    <frame>
      <class>java.awt.EventQueue</class>
      <method>dispatchEventImpl</method>
      <line>760</line>
    </frame>
    <frame>
      <class>java.awt.EventQueue</class>
      <method>access$500</method>
      <line>97</line>
    </frame>
    <frame>
      <class>java.awt.EventQueue$3</class>
      <method>run</method>
      <line>709</line>
    </frame>
    <frame>
      <class>java.awt.EventQueue$3</class>
      <method>run</method>
      <line>703</line>
    </frame>
    <frame>
      <class>java.security.AccessController</class>
      <method>doPrivileged</method>
    </frame>
    <frame>
      <class>java.security.ProtectionDomain$JavaSecurityAccessImpl</class>
      <method>doIntersectionPrivilege</method>
      <line>80</line>
    </frame>
    <frame>
      <class>java.security.ProtectionDomain$JavaSecurityAccessImpl</class>
      <method>doIntersectionPrivilege</method>
      <line>90</line>
    </frame>
    <frame>
      <class>java.awt.EventQueue$4</class>
      <method>run</method>
      <line>733</line>
    </frame>
    <frame>
      <class>java.awt.EventQueue$4</class>
      <method>run</method>
      <line>731</line>
    </frame>
    <frame>
      <class>java.security.AccessController</class>
      <method>doPrivileged</method>
    </frame>
    <frame>
      <class>java.security.ProtectionDomain$JavaSecurityAccessImpl</class>
      <method>doIntersectionPrivilege</method>
      <line>80</line>
    </frame>
    <frame>
      <class>java.awt.EventQueue</class>
      <method>dispatchEvent</method>
      <line>730</line>
    </frame>
    <frame>
      <class>java.awt.EventDispatchThread</class>
      <method>pumpOneEventForFilters</method>
      <line>205</line>
    </frame>
    <frame>
      <class>java.awt.EventDispatchThread</class>
      <method>pumpEventsForFilter</method>
      <line>116</line>
    </frame>
    <frame>
      <class>java.awt.EventDispatchThread</class>
      <method>pumpEventsForHierarchy</method>
      <line>105</line>
    </frame>
    <frame>
      <class>java.awt.EventDispatchThread</class>
      <method>pumpEvents</method>
      <line>101</line>
    </frame>
    <frame>
      <class>java.awt.EventDispatchThread</class>
      <method>pumpEvents</method>
      <line>93</line>
    </frame>
    <frame>
      <class>java.awt.EventDispatchThread</class>
      <method>run</method>
      <line>82</line>
    </frame>
  </exception>
</record>
</log>
